<?xml version="1.0" encoding="UTF-8"?>
<!-- Generated by org.testng.reporters.JUnitReportReporter -->
<testsuite hostname="DESKTOP-60DON68" failures="0" tests="1" name="ATB.Assignment.selenium01" time="12.905" errors="0" timestamp="2023-08-17T14:06:08 IST" skipped="0">
  <testcase classname="ATB.Assignment.selenium01" name="sdet" time="12.905"/>
  <system-out/>
</testsuite> <!-- ATB.Assignment.selenium01 -->
